[debug] [2024-06-30T15:05:56.056Z] ----------------------------------------------------------------------
[debug] [2024-06-30T15:05:56.058Z] Command:       C:\DEV\nodejs\node.exe C:\GIT\nexus-rpg\node_modules\firebase-tools\lib\bin\firebase.js deploy
[debug] [2024-06-30T15:05:56.058Z] CLI Version:   13.12.0
[debug] [2024-06-30T15:05:56.058Z] Platform:      win32
[debug] [2024-06-30T15:05:56.058Z] Node Version:  v18.16.1
[debug] [2024-06-30T15:05:56.059Z] Time:          Sun Jun 30 2024 17:05:56 GMT+0200 (Mitteleuropäische Sommerzeit)
[debug] [2024-06-30T15:05:56.059Z] ----------------------------------------------------------------------
[debug] 
[debug] [2024-06-30T15:05:56.140Z] > command requires scopes: ["email","openid","https://www.googleapis.com/auth/cloudplatformprojects.readonly","https://www.googleapis.com/auth/firebase","https://www.googleapis.com/auth/cloud-platform"]
[debug] [2024-06-30T15:05:56.140Z] > authorizing via signed-in user (datbeskar@gmail.com)
[debug] [2024-06-30T15:05:56.141Z] [iam] checking project nexus-rpg-d04d1 for permissions ["datastore.indexes.create","datastore.indexes.delete","datastore.indexes.list","datastore.indexes.update","firebase.projects.get","firebasehosting.sites.update"]
[debug] [2024-06-30T15:05:56.142Z] > refreshing access token with scopes: []
[debug] [2024-06-30T15:05:56.143Z] >>> [apiv2][query] POST https://www.googleapis.com/oauth2/v3/token [none]
[debug] [2024-06-30T15:05:56.144Z] >>> [apiv2][body] POST https://www.googleapis.com/oauth2/v3/token [omitted]
[debug] [2024-06-30T15:05:56.295Z] <<< [apiv2][status] POST https://www.googleapis.com/oauth2/v3/token 400
[debug] [2024-06-30T15:05:56.295Z] <<< [apiv2][body] POST https://www.googleapis.com/oauth2/v3/token [omitted]
[debug] [2024-06-30T15:05:56.296Z] >>> [apiv2][query] POST https://cloudresourcemanager.googleapis.com/v1/projects/nexus-rpg-d04d1:testIamPermissions [none]
[debug] [2024-06-30T15:05:56.296Z] >>> [apiv2][(partial)header] POST https://cloudresourcemanager.googleapis.com/v1/projects/nexus-rpg-d04d1:testIamPermissions x-goog-quota-user=projects/nexus-rpg-d04d1
[debug] [2024-06-30T15:05:56.296Z] >>> [apiv2][body] POST https://cloudresourcemanager.googleapis.com/v1/projects/nexus-rpg-d04d1:testIamPermissions {"permissions":["datastore.indexes.create","datastore.indexes.delete","datastore.indexes.list","datastore.indexes.update","firebase.projects.get","firebasehosting.sites.update"]}
[debug] [2024-06-30T15:05:56.486Z] <<< [apiv2][status] POST https://cloudresourcemanager.googleapis.com/v1/projects/nexus-rpg-d04d1:testIamPermissions 401
[debug] [2024-06-30T15:05:56.486Z] <<< [apiv2][body] POST https://cloudresourcemanager.googleapis.com/v1/projects/nexus-rpg-d04d1:testIamPermissions {"error":{"code":401,"message":"Request had invalid authentication credentials. Expected OAuth 2 access token, login cookie or other valid authentication credential. See https://developers.google.com/identity/sign-in/web/devconsole-project.","status":"UNAUTHENTICATED","details":[{"@type":"type.googleapis.com/google.rpc.ErrorInfo","reason":"ACCESS_TOKEN_TYPE_UNSUPPORTED","metadata":{"service":"cloudresourcemanager.googleapis.com","method":"google.cloudresourcemanager.v1.Projects.TestIamPermissions"}}]}}
[debug] [2024-06-30T15:05:56.487Z] [iam] error while checking permissions, command may fail: FirebaseError: HTTP Error: 401, Request had invalid authentication credentials. Expected OAuth 2 access token, login cookie or other valid authentication credential. See https://developers.google.com/identity/sign-in/web/devconsole-project.
[debug] [2024-06-30T15:05:56.487Z] > refreshing access token with scopes: []
[debug] [2024-06-30T15:05:56.488Z] >>> [apiv2][query] POST https://www.googleapis.com/oauth2/v3/token [none]
[debug] [2024-06-30T15:05:56.488Z] >>> [apiv2][body] POST https://www.googleapis.com/oauth2/v3/token [omitted]
[debug] [2024-06-30T15:05:56.568Z] <<< [apiv2][status] POST https://www.googleapis.com/oauth2/v3/token 400
[debug] [2024-06-30T15:05:56.568Z] <<< [apiv2][body] POST https://www.googleapis.com/oauth2/v3/token [omitted]
[debug] [2024-06-30T15:05:56.569Z] >>> [apiv2][query] GET https://firebase.googleapis.com/v1beta1/projects/nexus-rpg-d04d1 [none]
[debug] [2024-06-30T15:05:56.669Z] <<< [apiv2][status] GET https://firebase.googleapis.com/v1beta1/projects/nexus-rpg-d04d1 401
[debug] [2024-06-30T15:05:56.669Z] <<< [apiv2][body] GET https://firebase.googleapis.com/v1beta1/projects/nexus-rpg-d04d1 {"error":{"code":401,"message":"Request had invalid authentication credentials. Expected OAuth 2 access token, login cookie or other valid authentication credential. See https://developers.google.com/identity/sign-in/web/devconsole-project.","status":"UNAUTHENTICATED"}}
[debug] [2024-06-30T15:05:56.670Z] HTTP Error: 401, Request had invalid authentication credentials. Expected OAuth 2 access token, login cookie or other valid authentication credential. See https://developers.google.com/identity/sign-in/web/devconsole-project.
[error] 
[error] Error: Assertion failed: resolving hosting target of a site with no site name or target name. This should have caused an error earlier
